2026-04-29 07:23:41,250 - root - INFO - Logging initialized. Log file: D:\Coding\Sem- 6\Aditi_MP\outputs\logs\training_20260429_072341.log
2026-04-29 07:23:41,256 - root - INFO - Random seed set to 42 for reproducibility.
2026-04-29 07:23:41,257 - root - INFO - ============================================================
2026-04-29 07:23:41,257 - root - INFO - SMART WASTE SEGREGATION SYSTEM INITIALIZED
2026-04-29 07:23:41,257 - root - INFO - ============================================================
2026-04-29 07:23:41,259 - root - INFO - ============================================================
2026-04-29 07:23:41,260 - root - INFO - STARTING YOLO PIPELINE
2026-04-29 07:23:41,260 - root - INFO - ============================================================
2026-04-29 07:23:41,261 - root - INFO - Preparing YOLO dataset format...
2026-04-29 07:23:41,454 - root - INFO - WasteDataset: 15515 samples from D:\Coding\Sem- 6\Aditi_MP\data\unified
2026-04-29 07:23:41,459 - root - INFO - Random seed set to 42 for reproducibility.
2026-04-29 07:23:41,473 - root - INFO - Data split — Train: 10859, Val: 2328, Test: 2328
2026-04-29 07:26:45,005 - root - INFO - YOLO dataset prepared at D:\Coding\Sem- 6\Aditi_MP\data\yolo
2026-04-29 07:26:45,006 - root - INFO -   Train: 10859 images
2026-04-29 07:26:45,006 - root - INFO -   Val: 4656 images
2026-04-29 07:26:45,006 - root - INFO -   Config: D:\Coding\Sem- 6\Aditi_MP\data\yolo\data.yaml
2026-04-29 07:26:46,103 - root - INFO - Random seed set to 42 for reproducibility.
2026-04-29 07:26:46,103 - root - INFO - Training YOLOv8 — Model: yolov8n.pt, Device: 0
2026-04-29 07:26:54,125 - PIL.Image - DEBUG - Importing JpegImagePlugin
2026-04-29 07:26:55,648 - PIL.PngImagePlugin - DEBUG - STREAM b'IHDR' 16 13
2026-04-29 07:26:55,649 - PIL.PngImagePlugin - DEBUG - STREAM b'PLTE' 41 588
2026-04-29 07:26:55,649 - PIL.PngImagePlugin - DEBUG - STREAM b'IDAT' 641 6231
2026-04-29 07:26:56,084 - PIL.PngImagePlugin - DEBUG - STREAM b'IHDR' 16 13
2026-04-29 07:26:56,085 - PIL.PngImagePlugin - DEBUG - STREAM b'PLTE' 41 186
2026-04-29 07:26:56,085 - PIL.PngImagePlugin - DEBUG - STREAM b'IDAT' 239 2269
2026-04-29 07:26:56,123 - PIL.PngImagePlugin - DEBUG - STREAM b'IHDR' 16 13
2026-04-29 07:26:56,123 - PIL.PngImagePlugin - DEBUG - STREAM b'PLTE' 41 480
2026-04-29 07:26:56,123 - PIL.PngImagePlugin - DEBUG - STREAM b'IDAT' 533 3903
2026-04-29 07:26:56,913 - PIL.PngImagePlugin - DEBUG - STREAM b'IHDR' 16 13
2026-04-29 07:26:56,914 - PIL.PngImagePlugin - DEBUG - STREAM b'PLTE' 41 471
2026-04-29 07:26:56,914 - PIL.PngImagePlugin - DEBUG - STREAM b'IDAT' 524 2703
2026-04-29 07:27:14,979 - PIL.PngImagePlugin - DEBUG - STREAM b'IHDR' 16 13
2026-04-29 07:27:14,979 - PIL.PngImagePlugin - DEBUG - STREAM b'PLTE' 41 603
2026-04-29 07:27:14,979 - PIL.PngImagePlugin - DEBUG - STREAM b'IDAT' 656 8192
2026-04-29 07:27:19,706 - PIL.PngImagePlugin - DEBUG - STREAM b'IHDR' 16 13
2026-04-29 07:27:19,707 - PIL.PngImagePlugin - DEBUG - STREAM b'PLTE' 41 267
2026-04-29 07:27:19,707 - PIL.PngImagePlugin - DEBUG - STREAM b'IDAT' 320 3224
2026-04-29 07:27:19,711 - PIL.PngImagePlugin - DEBUG - STREAM b'IHDR' 16 13
2026-04-29 07:27:19,711 - PIL.PngImagePlugin - DEBUG - STREAM b'PLTE' 41 399
2026-04-29 07:27:19,712 - PIL.PngImagePlugin - DEBUG - STREAM b'IDAT' 452 2344
2026-04-29 07:27:19,721 - PIL.PngImagePlugin - DEBUG - STREAM b'IHDR' 16 13
2026-04-29 07:27:19,721 - PIL.PngImagePlugin - DEBUG - STREAM b'PLTE' 41 564
2026-04-29 07:27:19,721 - PIL.PngImagePlugin - DEBUG - STREAM b'IDAT' 617 3731
2026-04-29 07:27:19,757 - PIL.PngImagePlugin - DEBUG - STREAM b'IHDR' 16 13
2026-04-29 07:27:19,757 - PIL.PngImagePlugin - DEBUG - STREAM b'PLTE' 41 465
2026-04-29 07:27:19,757 - PIL.PngImagePlugin - DEBUG - STREAM b'IDAT' 518 2743
2026-04-29 07:27:19,774 - PIL.PngImagePlugin - DEBUG - STREAM b'IHDR' 16 13
2026-04-29 07:27:19,776 - PIL.PngImagePlugin - DEBUG - STREAM b'PLTE' 41 183
2026-04-29 07:27:19,776 - PIL.PngImagePlugin - DEBUG - STREAM b'IDAT' 236 1335
2026-04-29 07:27:19,895 - PIL.PngImagePlugin - DEBUG - STREAM b'IHDR' 16 13
2026-04-29 07:27:19,895 - PIL.PngImagePlugin - DEBUG - STREAM b'PLTE' 41 141
2026-04-29 07:27:19,896 - PIL.PngImagePlugin - DEBUG - STREAM b'IHDR' 16 13
2026-04-29 07:27:19,896 - PIL.PngImagePlugin - DEBUG - STREAM b'IDAT' 194 2110
2026-04-29 07:27:19,897 - PIL.PngImagePlugin - DEBUG - STREAM b'PLTE' 41 420
2026-04-29 07:27:19,898 - PIL.PngImagePlugin - DEBUG - STREAM b'IDAT' 473 2463
2026-04-29 07:27:19,943 - PIL.PngImagePlugin - DEBUG - STREAM b'IHDR' 16 13
2026-04-29 07:27:19,943 - PIL.PngImagePlugin - DEBUG - STREAM b'PLTE' 41 510
2026-04-29 07:27:19,943 - PIL.PngImagePlugin - DEBUG - STREAM b'IDAT' 563 4516
2026-04-29 07:27:19,954 - PIL.PngImagePlugin - DEBUG - STREAM b'IHDR' 16 13
2026-04-29 07:27:19,954 - PIL.PngImagePlugin - DEBUG - STREAM b'PLTE' 41 429
2026-04-29 07:27:19,954 - PIL.PngImagePlugin - DEBUG - STREAM b'IDAT' 482 2780
2026-04-29 07:27:19,975 - PIL.PngImagePlugin - DEBUG - STREAM b'IHDR' 16 13
2026-04-29 07:27:19,975 - PIL.PngImagePlugin - DEBUG - STREAM b'PLTE' 41 660
2026-04-29 07:27:19,975 - PIL.PngImagePlugin - DEBUG - STREAM b'IDAT' 713 8192
2026-04-29 07:27:19,975 - PIL.PngImagePlugin - DEBUG - STREAM b'IHDR' 16 13
2026-04-29 07:27:19,975 - PIL.PngImagePlugin - DEBUG - STREAM b'PLTE' 41 255
2026-04-29 07:27:19,975 - PIL.PngImagePlugin - DEBUG - STREAM b'IDAT' 308 1622
2026-04-29 07:27:20,002 - PIL.PngImagePlugin - DEBUG - STREAM b'IHDR' 16 13
2026-04-29 07:27:20,002 - PIL.PngImagePlugin - DEBUG - STREAM b'PLTE' 41 501
2026-04-29 07:27:20,002 - PIL.PngImagePlugin - DEBUG - STREAM b'IDAT' 554 3353
2026-04-29 07:27:20,055 - PIL.PngImagePlugin - DEBUG - STREAM b'IHDR' 16 13
2026-04-29 07:27:20,055 - PIL.PngImagePlugin - DEBUG - STREAM b'PLTE' 41 264
2026-04-29 07:27:20,055 - PIL.PngImagePlugin - DEBUG - STREAM b'IDAT' 317 2781
2026-04-29 07:27:20,067 - PIL.PngImagePlugin - DEBUG - STREAM b'IHDR' 16 13
2026-04-29 07:27:20,067 - PIL.PngImagePlugin - DEBUG - STREAM b'PLTE' 41 339
2026-04-29 07:27:20,067 - PIL.PngImagePlugin - DEBUG - STREAM b'IDAT' 392 2681
2026-04-29 07:27:20,089 - PIL.PngImagePlugin - DEBUG - STREAM b'IHDR' 16 13
2026-04-29 07:27:20,089 - PIL.PngImagePlugin - DEBUG - STREAM b'PLTE' 41 360
2026-04-29 07:27:20,089 - PIL.PngImagePlugin - DEBUG - STREAM b'IDAT' 413 1978
2026-04-29 07:27:20,178 - PIL.PngImagePlugin - DEBUG - STREAM b'IHDR' 16 13
2026-04-29 07:27:20,180 - PIL.PngImagePlugin - DEBUG - STREAM b'PLTE' 41 282
2026-04-29 07:27:20,180 - PIL.PngImagePlugin - DEBUG - STREAM b'IDAT' 335 1420
2026-04-29 07:28:26,756 - PIL.PngImagePlugin - DEBUG - STREAM b'IHDR' 16 13
2026-04-29 07:28:26,756 - PIL.PngImagePlugin - DEBUG - STREAM b'PLTE' 41 627
2026-04-29 07:28:26,756 - PIL.PngImagePlugin - DEBUG - STREAM b'IDAT' 680 8192
2026-04-29 07:28:26,776 - PIL.PngImagePlugin - DEBUG - STREAM b'IHDR' 16 13
2026-04-29 07:28:26,776 - PIL.PngImagePlugin - DEBUG - STREAM b'PLTE' 41 168
2026-04-29 07:28:26,776 - PIL.PngImagePlugin - DEBUG - STREAM b'IDAT' 221 2204
2026-04-29 07:28:31,024 - PIL.PngImagePlugin - DEBUG - STREAM b'IHDR' 16 13
2026-04-29 07:28:31,024 - PIL.PngImagePlugin - DEBUG - STREAM b'PLTE' 41 300
2026-04-29 07:28:31,025 - PIL.PngImagePlugin - DEBUG - STREAM b'IDAT' 353 8192
2026-04-29 07:28:31,222 - PIL.PngImagePlugin - DEBUG - STREAM b'IHDR' 16 13
2026-04-29 07:28:31,223 - PIL.PngImagePlugin - DEBUG - STREAM b'PLTE' 41 714
2026-04-29 07:28:31,223 - PIL.PngImagePlugin - DEBUG - STREAM b'IDAT' 767 8192
2026-04-29 07:28:32,240 - PIL.PngImagePlugin - DEBUG - STREAM b'IHDR' 16 13
2026-04-29 07:28:32,241 - PIL.PngImagePlugin - DEBUG - STREAM b'PLTE' 41 231
2026-04-29 07:28:32,241 - PIL.PngImagePlugin - DEBUG - STREAM b'IDAT' 284 3762
2026-04-29 07:28:32,242 - PIL.PngImagePlugin - DEBUG - STREAM b'IHDR' 16 13
2026-04-29 07:28:32,242 - PIL.PngImagePlugin - DEBUG - STREAM b'PLTE' 41 231
2026-04-29 07:28:32,242 - PIL.PngImagePlugin - DEBUG - STREAM b'IDAT' 284 1908
2026-04-29 07:28:32,258 - PIL.PngImagePlugin - DEBUG - STREAM b'IHDR' 16 13
2026-04-29 07:28:32,258 - PIL.PngImagePlugin - DEBUG - STREAM b'PLTE' 41 351
2026-04-29 07:28:32,258 - PIL.PngImagePlugin - DEBUG - STREAM b'IHDR' 16 13
2026-04-29 07:28:32,258 - PIL.PngImagePlugin - DEBUG - STREAM b'IDAT' 404 1534
2026-04-29 07:28:32,258 - PIL.PngImagePlugin - DEBUG - STREAM b'PLTE' 41 483
2026-04-29 07:28:32,259 - PIL.PngImagePlugin - DEBUG - STREAM b'IDAT' 536 2438
2026-04-29 07:28:32,273 - PIL.PngImagePlugin - DEBUG - STREAM b'IHDR' 16 13
2026-04-29 07:28:32,273 - PIL.PngImagePlugin - DEBUG - STREAM b'PLTE' 41 144
2026-04-29 07:28:32,273 - PIL.PngImagePlugin - DEBUG - STREAM b'IDAT' 197 1729
2026-04-29 07:28:32,301 - PIL.PngImagePlugin - DEBUG - STREAM b'IHDR' 16 13
2026-04-29 07:28:32,301 - PIL.PngImagePlugin - DEBUG - STREAM b'PLTE' 41 291
2026-04-29 07:28:32,301 - PIL.PngImagePlugin - DEBUG - STREAM b'IDAT' 344 1969
2026-04-29 07:28:32,303 - PIL.PngImagePlugin - DEBUG - STREAM b'IHDR' 16 13
2026-04-29 07:28:32,303 - PIL.PngImagePlugin - DEBUG - STREAM b'PLTE' 41 405
2026-04-29 07:28:32,303 - PIL.PngImagePlugin - DEBUG - STREAM b'IDAT' 458 2772
2026-04-29 07:28:32,312 - PIL.PngImagePlugin - DEBUG - STREAM b'IHDR' 16 13
2026-04-29 07:28:32,312 - PIL.PngImagePlugin - DEBUG - STREAM b'PLTE' 41 399
2026-04-29 07:28:32,312 - PIL.PngImagePlugin - DEBUG - STREAM b'IDAT' 452 2055
2026-04-29 07:28:32,404 - PIL.PngImagePlugin - DEBUG - STREAM b'IHDR' 16 13
2026-04-29 07:28:32,405 - PIL.PngImagePlugin - DEBUG - STREAM b'PLTE' 41 132
2026-04-29 07:28:32,405 - PIL.PngImagePlugin - DEBUG - STREAM b'IDAT' 185 1779
